24-12-17.15:33|[walker2d-medium-v2|exp_1|diffusion-ql|T-5|lr_decay|ms-offline|k-1|0|dual_diffusion] --------------  ----------
24-12-17.15:33|[walker2d-medium-v2|exp_1|diffusion-ql|T-5|lr_decay|ms-offline|k-1|0|dual_diffusion] Trained Epochs  50
24-12-17.15:33|[walker2d-medium-v2|exp_1|diffusion-ql|T-5|lr_decay|ms-offline|k-1|0|dual_diffusion] BC Loss          0.0470809
24-12-17.15:33|[walker2d-medium-v2|exp_1|diffusion-ql|T-5|lr_decay|ms-offline|k-1|0|dual_diffusion] QL Loss         -0.999925
24-12-17.15:33|[walker2d-medium-v2|exp_1|diffusion-ql|T-5|lr_decay|ms-offline|k-1|0|dual_diffusion] Actor Loss      -0.954428
24-12-17.15:33|[walker2d-medium-v2|exp_1|diffusion-ql|T-5|lr_decay|ms-offline|k-1|0|dual_diffusion] Critic Loss     29.2364
24-12-17.15:33|[walker2d-medium-v2|exp_1|diffusion-ql|T-5|lr_decay|ms-offline|k-1|0|dual_diffusion] --------------  ----------
24-12-17.15:33|[walker2d-medium-v2|exp_1|diffusion-ql|T-5|lr_decay|ms-offline|k-1|0|dual_diffusion] -------------------------  -----------
24-12-17.15:33|[walker2d-medium-v2|exp_1|diffusion-ql|T-5|lr_decay|ms-offline|k-1|0|dual_diffusion] Average Episodic Reward    2926.09
24-12-17.15:33|[walker2d-medium-v2|exp_1|diffusion-ql|T-5|lr_decay|ms-offline|k-1|0|dual_diffusion] Average Episodic N-Reward     0.637045
24-12-17.15:33|[walker2d-medium-v2|exp_1|diffusion-ql|T-5|lr_decay|ms-offline|k-1|0|dual_diffusion] -------------------------  -----------
24-12-17.15:40|[walker2d-medium-v2|exp_1|diffusion-ql|T-5|lr_decay|ms-offline|k-1|0|dual_diffusion] --------------  -----------
24-12-17.15:40|[walker2d-medium-v2|exp_1|diffusion-ql|T-5|lr_decay|ms-offline|k-1|0|dual_diffusion] Trained Epochs  100
24-12-17.15:40|[walker2d-medium-v2|exp_1|diffusion-ql|T-5|lr_decay|ms-offline|k-1|0|dual_diffusion] BC Loss           0.0335866
24-12-17.15:40|[walker2d-medium-v2|exp_1|diffusion-ql|T-5|lr_decay|ms-offline|k-1|0|dual_diffusion] QL Loss          -1.00001
24-12-17.15:40|[walker2d-medium-v2|exp_1|diffusion-ql|T-5|lr_decay|ms-offline|k-1|0|dual_diffusion] Actor Loss       -0.967576
24-12-17.15:40|[walker2d-medium-v2|exp_1|diffusion-ql|T-5|lr_decay|ms-offline|k-1|0|dual_diffusion] Critic Loss      32.689
24-12-17.15:40|[walker2d-medium-v2|exp_1|diffusion-ql|T-5|lr_decay|ms-offline|k-1|0|dual_diffusion] --------------  -----------
24-12-17.15:40|[walker2d-medium-v2|exp_1|diffusion-ql|T-5|lr_decay|ms-offline|k-1|0|dual_diffusion] -------------------------  -----------
24-12-17.15:40|[walker2d-medium-v2|exp_1|diffusion-ql|T-5|lr_decay|ms-offline|k-1|0|dual_diffusion] Average Episodic Reward    3177.46
24-12-17.15:40|[walker2d-medium-v2|exp_1|diffusion-ql|T-5|lr_decay|ms-offline|k-1|0|dual_diffusion] Average Episodic N-Reward     0.691802
24-12-17.15:40|[walker2d-medium-v2|exp_1|diffusion-ql|T-5|lr_decay|ms-offline|k-1|0|dual_diffusion] -------------------------  -----------
