24-12-17.16:23|[walker2d-medium-expert-v2|exp_1|diffusion-ql|T-5|lr_decay|ms-offline|k-1|0|dual_diffusion] --------------  ----------
24-12-17.16:23|[walker2d-medium-expert-v2|exp_1|diffusion-ql|T-5|lr_decay|ms-offline|k-1|0|dual_diffusion] Trained Epochs  50
24-12-17.16:23|[walker2d-medium-expert-v2|exp_1|diffusion-ql|T-5|lr_decay|ms-offline|k-1|0|dual_diffusion] BC Loss          0.0475655
24-12-17.16:23|[walker2d-medium-expert-v2|exp_1|diffusion-ql|T-5|lr_decay|ms-offline|k-1|0|dual_diffusion] QL Loss         -0.999969
24-12-17.16:23|[walker2d-medium-expert-v2|exp_1|diffusion-ql|T-5|lr_decay|ms-offline|k-1|0|dual_diffusion] Actor Loss      -0.953934
24-12-17.16:23|[walker2d-medium-expert-v2|exp_1|diffusion-ql|T-5|lr_decay|ms-offline|k-1|0|dual_diffusion] Critic Loss     22.7565
24-12-17.16:23|[walker2d-medium-expert-v2|exp_1|diffusion-ql|T-5|lr_decay|ms-offline|k-1|0|dual_diffusion] --------------  ----------
24-12-17.16:23|[walker2d-medium-expert-v2|exp_1|diffusion-ql|T-5|lr_decay|ms-offline|k-1|0|dual_diffusion] -------------------------  -----------
24-12-17.16:23|[walker2d-medium-expert-v2|exp_1|diffusion-ql|T-5|lr_decay|ms-offline|k-1|0|dual_diffusion] Average Episodic Reward    4493.47
24-12-17.16:23|[walker2d-medium-expert-v2|exp_1|diffusion-ql|T-5|lr_decay|ms-offline|k-1|0|dual_diffusion] Average Episodic N-Reward     0.978471
24-12-17.16:23|[walker2d-medium-expert-v2|exp_1|diffusion-ql|T-5|lr_decay|ms-offline|k-1|0|dual_diffusion] -------------------------  -----------
24-12-17.16:30|[walker2d-medium-expert-v2|exp_1|diffusion-ql|T-5|lr_decay|ms-offline|k-1|0|dual_diffusion] --------------  -----------
24-12-17.16:30|[walker2d-medium-expert-v2|exp_1|diffusion-ql|T-5|lr_decay|ms-offline|k-1|0|dual_diffusion] Trained Epochs  100
24-12-17.16:30|[walker2d-medium-expert-v2|exp_1|diffusion-ql|T-5|lr_decay|ms-offline|k-1|0|dual_diffusion] BC Loss           0.0338334
24-12-17.16:30|[walker2d-medium-expert-v2|exp_1|diffusion-ql|T-5|lr_decay|ms-offline|k-1|0|dual_diffusion] QL Loss          -1
24-12-17.16:30|[walker2d-medium-expert-v2|exp_1|diffusion-ql|T-5|lr_decay|ms-offline|k-1|0|dual_diffusion] Actor Loss       -0.967274
24-12-17.16:30|[walker2d-medium-expert-v2|exp_1|diffusion-ql|T-5|lr_decay|ms-offline|k-1|0|dual_diffusion] Critic Loss      31.156
24-12-17.16:30|[walker2d-medium-expert-v2|exp_1|diffusion-ql|T-5|lr_decay|ms-offline|k-1|0|dual_diffusion] --------------  -----------
24-12-17.16:30|[walker2d-medium-expert-v2|exp_1|diffusion-ql|T-5|lr_decay|ms-offline|k-1|0|dual_diffusion] -------------------------  ----------
24-12-17.16:30|[walker2d-medium-expert-v2|exp_1|diffusion-ql|T-5|lr_decay|ms-offline|k-1|0|dual_diffusion] Average Episodic Reward    4891
24-12-17.16:30|[walker2d-medium-expert-v2|exp_1|diffusion-ql|T-5|lr_decay|ms-offline|k-1|0|dual_diffusion] Average Episodic N-Reward     1.06507
24-12-17.16:30|[walker2d-medium-expert-v2|exp_1|diffusion-ql|T-5|lr_decay|ms-offline|k-1|0|dual_diffusion] -------------------------  ----------
24-12-17.19:14|[walker2d-medium-expert-v2|exp_1|diffusion-ql|T-5|lr_decay|ms-offline|k-1|0|dual_diffusion] --------------  ----------
24-12-17.19:14|[walker2d-medium-expert-v2|exp_1|diffusion-ql|T-5|lr_decay|ms-offline|k-1|0|dual_diffusion] Trained Epochs  50
24-12-17.19:14|[walker2d-medium-expert-v2|exp_1|diffusion-ql|T-5|lr_decay|ms-offline|k-1|0|dual_diffusion] BC Loss          0.0476679
24-12-17.19:14|[walker2d-medium-expert-v2|exp_1|diffusion-ql|T-5|lr_decay|ms-offline|k-1|0|dual_diffusion] QL Loss         -0.99996
24-12-17.19:14|[walker2d-medium-expert-v2|exp_1|diffusion-ql|T-5|lr_decay|ms-offline|k-1|0|dual_diffusion] Actor Loss      -0.953826
24-12-17.19:14|[walker2d-medium-expert-v2|exp_1|diffusion-ql|T-5|lr_decay|ms-offline|k-1|0|dual_diffusion] Critic Loss     22.8869
24-12-17.19:14|[walker2d-medium-expert-v2|exp_1|diffusion-ql|T-5|lr_decay|ms-offline|k-1|0|dual_diffusion] --------------  ----------
24-12-17.19:14|[walker2d-medium-expert-v2|exp_1|diffusion-ql|T-5|lr_decay|ms-offline|k-1|0|dual_diffusion] -------------------------  -----------
24-12-17.19:14|[walker2d-medium-expert-v2|exp_1|diffusion-ql|T-5|lr_decay|ms-offline|k-1|0|dual_diffusion] Average Episodic Reward    4453.21
24-12-17.19:14|[walker2d-medium-expert-v2|exp_1|diffusion-ql|T-5|lr_decay|ms-offline|k-1|0|dual_diffusion] Average Episodic N-Reward     0.969701
24-12-17.19:14|[walker2d-medium-expert-v2|exp_1|diffusion-ql|T-5|lr_decay|ms-offline|k-1|0|dual_diffusion] -------------------------  -----------
24-12-17.19:22|[walker2d-medium-expert-v2|exp_1|diffusion-ql|T-5|lr_decay|ms-offline|k-1|0|dual_diffusion] --------------  ----------
24-12-17.19:22|[walker2d-medium-expert-v2|exp_1|diffusion-ql|T-5|lr_decay|ms-offline|k-1|0|dual_diffusion] Trained Epochs  50
24-12-17.19:22|[walker2d-medium-expert-v2|exp_1|diffusion-ql|T-5|lr_decay|ms-offline|k-1|0|dual_diffusion] BC Loss          0.0487075
24-12-17.19:22|[walker2d-medium-expert-v2|exp_1|diffusion-ql|T-5|lr_decay|ms-offline|k-1|0|dual_diffusion] QL Loss         -0.999967
24-12-17.19:22|[walker2d-medium-expert-v2|exp_1|diffusion-ql|T-5|lr_decay|ms-offline|k-1|0|dual_diffusion] Actor Loss      -0.951271
24-12-17.19:22|[walker2d-medium-expert-v2|exp_1|diffusion-ql|T-5|lr_decay|ms-offline|k-1|0|dual_diffusion] Critic Loss     22.3597
24-12-17.19:22|[walker2d-medium-expert-v2|exp_1|diffusion-ql|T-5|lr_decay|ms-offline|k-1|0|dual_diffusion] --------------  ----------
24-12-17.19:22|[walker2d-medium-expert-v2|exp_1|diffusion-ql|T-5|lr_decay|ms-offline|k-1|0|dual_diffusion] -------------------------  -----------
24-12-17.19:22|[walker2d-medium-expert-v2|exp_1|diffusion-ql|T-5|lr_decay|ms-offline|k-1|0|dual_diffusion] Average Episodic Reward    233.27
24-12-17.19:22|[walker2d-medium-expert-v2|exp_1|diffusion-ql|T-5|lr_decay|ms-offline|k-1|0|dual_diffusion] Average Episodic N-Reward    0.0504591
24-12-17.19:22|[walker2d-medium-expert-v2|exp_1|diffusion-ql|T-5|lr_decay|ms-offline|k-1|0|dual_diffusion] -------------------------  -----------
24-12-17.19:31|[walker2d-medium-expert-v2|exp_1|diffusion-ql|T-5|lr_decay|ms-offline|k-1|0|dual_diffusion] --------------  ----------
24-12-17.19:31|[walker2d-medium-expert-v2|exp_1|diffusion-ql|T-5|lr_decay|ms-offline|k-1|0|dual_diffusion] Trained Epochs  50
24-12-17.19:31|[walker2d-medium-expert-v2|exp_1|diffusion-ql|T-5|lr_decay|ms-offline|k-1|0|dual_diffusion] BC Loss          0.0485576
24-12-17.19:31|[walker2d-medium-expert-v2|exp_1|diffusion-ql|T-5|lr_decay|ms-offline|k-1|0|dual_diffusion] QL Loss         -0.999969
24-12-17.19:31|[walker2d-medium-expert-v2|exp_1|diffusion-ql|T-5|lr_decay|ms-offline|k-1|0|dual_diffusion] Actor Loss      -0.951418
24-12-17.19:31|[walker2d-medium-expert-v2|exp_1|diffusion-ql|T-5|lr_decay|ms-offline|k-1|0|dual_diffusion] Critic Loss     22.4527
24-12-17.19:31|[walker2d-medium-expert-v2|exp_1|diffusion-ql|T-5|lr_decay|ms-offline|k-1|0|dual_diffusion] --------------  ----------
24-12-17.19:31|[walker2d-medium-expert-v2|exp_1|diffusion-ql|T-5|lr_decay|ms-offline|k-1|0|dual_diffusion] -------------------------  -----------
24-12-17.19:31|[walker2d-medium-expert-v2|exp_1|diffusion-ql|T-5|lr_decay|ms-offline|k-1|0|dual_diffusion] Average Episodic Reward    225.637
24-12-17.19:31|[walker2d-medium-expert-v2|exp_1|diffusion-ql|T-5|lr_decay|ms-offline|k-1|0|dual_diffusion] Average Episodic N-Reward    0.0487963
24-12-17.19:31|[walker2d-medium-expert-v2|exp_1|diffusion-ql|T-5|lr_decay|ms-offline|k-1|0|dual_diffusion] -------------------------  -----------
24-12-17.19:38|[walker2d-medium-expert-v2|exp_1|diffusion-ql|T-5|lr_decay|ms-offline|k-1|0|dual_diffusion] --------------  -----------
24-12-17.19:38|[walker2d-medium-expert-v2|exp_1|diffusion-ql|T-5|lr_decay|ms-offline|k-1|0|dual_diffusion] Trained Epochs  100
24-12-17.19:38|[walker2d-medium-expert-v2|exp_1|diffusion-ql|T-5|lr_decay|ms-offline|k-1|0|dual_diffusion] BC Loss           0.0339163
24-12-17.19:38|[walker2d-medium-expert-v2|exp_1|diffusion-ql|T-5|lr_decay|ms-offline|k-1|0|dual_diffusion] QL Loss          -1
24-12-17.19:38|[walker2d-medium-expert-v2|exp_1|diffusion-ql|T-5|lr_decay|ms-offline|k-1|0|dual_diffusion] Actor Loss       -0.966088
24-12-17.19:38|[walker2d-medium-expert-v2|exp_1|diffusion-ql|T-5|lr_decay|ms-offline|k-1|0|dual_diffusion] Critic Loss      33.0105
24-12-17.19:38|[walker2d-medium-expert-v2|exp_1|diffusion-ql|T-5|lr_decay|ms-offline|k-1|0|dual_diffusion] --------------  -----------
24-12-17.19:38|[walker2d-medium-expert-v2|exp_1|diffusion-ql|T-5|lr_decay|ms-offline|k-1|0|dual_diffusion] -------------------------  -----------
24-12-17.19:38|[walker2d-medium-expert-v2|exp_1|diffusion-ql|T-5|lr_decay|ms-offline|k-1|0|dual_diffusion] Average Episodic Reward    172.958
24-12-17.19:38|[walker2d-medium-expert-v2|exp_1|diffusion-ql|T-5|lr_decay|ms-offline|k-1|0|dual_diffusion] Average Episodic N-Reward    0.0373212
24-12-17.19:38|[walker2d-medium-expert-v2|exp_1|diffusion-ql|T-5|lr_decay|ms-offline|k-1|0|dual_diffusion] -------------------------  -----------
24-12-17.20:00|[walker2d-medium-expert-v2|exp_1|diffusion-ql|T-5|lr_decay|ms-offline|k-1|0|dual_diffusion] --------------  ----------
24-12-17.20:00|[walker2d-medium-expert-v2|exp_1|diffusion-ql|T-5|lr_decay|ms-offline|k-1|0|dual_diffusion] Trained Epochs  50
24-12-17.20:00|[walker2d-medium-expert-v2|exp_1|diffusion-ql|T-5|lr_decay|ms-offline|k-1|0|dual_diffusion] BC Loss          0.0485576
24-12-17.20:00|[walker2d-medium-expert-v2|exp_1|diffusion-ql|T-5|lr_decay|ms-offline|k-1|0|dual_diffusion] QL Loss         -0.999969
24-12-17.20:00|[walker2d-medium-expert-v2|exp_1|diffusion-ql|T-5|lr_decay|ms-offline|k-1|0|dual_diffusion] Actor Loss      -0.951418
24-12-17.20:00|[walker2d-medium-expert-v2|exp_1|diffusion-ql|T-5|lr_decay|ms-offline|k-1|0|dual_diffusion] Critic Loss     22.4527
24-12-17.20:00|[walker2d-medium-expert-v2|exp_1|diffusion-ql|T-5|lr_decay|ms-offline|k-1|0|dual_diffusion] --------------  ----------
24-12-17.20:01|[walker2d-medium-expert-v2|exp_1|diffusion-ql|T-5|lr_decay|ms-offline|k-1|0|dual_diffusion] -------------------------  -----------
24-12-17.20:01|[walker2d-medium-expert-v2|exp_1|diffusion-ql|T-5|lr_decay|ms-offline|k-1|0|dual_diffusion] Average Episodic Reward    225.637
24-12-17.20:01|[walker2d-medium-expert-v2|exp_1|diffusion-ql|T-5|lr_decay|ms-offline|k-1|0|dual_diffusion] Average Episodic N-Reward    0.0487963
24-12-17.20:01|[walker2d-medium-expert-v2|exp_1|diffusion-ql|T-5|lr_decay|ms-offline|k-1|0|dual_diffusion] -------------------------  -----------
24-12-17.20:07|[walker2d-medium-expert-v2|exp_1|diffusion-ql|T-5|lr_decay|ms-offline|k-1|0|dual_diffusion] --------------  -----------
24-12-17.20:07|[walker2d-medium-expert-v2|exp_1|diffusion-ql|T-5|lr_decay|ms-offline|k-1|0|dual_diffusion] Trained Epochs  100
24-12-17.20:07|[walker2d-medium-expert-v2|exp_1|diffusion-ql|T-5|lr_decay|ms-offline|k-1|0|dual_diffusion] BC Loss           0.0339163
24-12-17.20:07|[walker2d-medium-expert-v2|exp_1|diffusion-ql|T-5|lr_decay|ms-offline|k-1|0|dual_diffusion] QL Loss          -1
24-12-17.20:07|[walker2d-medium-expert-v2|exp_1|diffusion-ql|T-5|lr_decay|ms-offline|k-1|0|dual_diffusion] Actor Loss       -0.966088
24-12-17.20:07|[walker2d-medium-expert-v2|exp_1|diffusion-ql|T-5|lr_decay|ms-offline|k-1|0|dual_diffusion] Critic Loss      33.0105
24-12-17.20:07|[walker2d-medium-expert-v2|exp_1|diffusion-ql|T-5|lr_decay|ms-offline|k-1|0|dual_diffusion] --------------  -----------
24-12-17.20:07|[walker2d-medium-expert-v2|exp_1|diffusion-ql|T-5|lr_decay|ms-offline|k-1|0|dual_diffusion] -------------------------  -----------
24-12-17.20:07|[walker2d-medium-expert-v2|exp_1|diffusion-ql|T-5|lr_decay|ms-offline|k-1|0|dual_diffusion] Average Episodic Reward    172.958
24-12-17.20:07|[walker2d-medium-expert-v2|exp_1|diffusion-ql|T-5|lr_decay|ms-offline|k-1|0|dual_diffusion] Average Episodic N-Reward    0.0373212
24-12-17.20:07|[walker2d-medium-expert-v2|exp_1|diffusion-ql|T-5|lr_decay|ms-offline|k-1|0|dual_diffusion] -------------------------  -----------
