24-12-17.15:16|[walker2d-medium-v2|exp_1|diffusion-ql|T-5|lr_decay|ms-offline|k-1|0] --------------  ----------
24-12-17.15:16|[walker2d-medium-v2|exp_1|diffusion-ql|T-5|lr_decay|ms-offline|k-1|0] Trained Epochs  50
24-12-17.15:16|[walker2d-medium-v2|exp_1|diffusion-ql|T-5|lr_decay|ms-offline|k-1|0] BC Loss          0.0479099
24-12-17.15:16|[walker2d-medium-v2|exp_1|diffusion-ql|T-5|lr_decay|ms-offline|k-1|0] QL Loss         -0.999923
24-12-17.15:16|[walker2d-medium-v2|exp_1|diffusion-ql|T-5|lr_decay|ms-offline|k-1|0] Actor Loss      -0.952013
24-12-17.15:16|[walker2d-medium-v2|exp_1|diffusion-ql|T-5|lr_decay|ms-offline|k-1|0] Critic Loss     26.8683
24-12-17.15:16|[walker2d-medium-v2|exp_1|diffusion-ql|T-5|lr_decay|ms-offline|k-1|0] --------------  ----------
24-12-17.15:16|[walker2d-medium-v2|exp_1|diffusion-ql|T-5|lr_decay|ms-offline|k-1|0] -------------------------  -----------
24-12-17.15:16|[walker2d-medium-v2|exp_1|diffusion-ql|T-5|lr_decay|ms-offline|k-1|0] Average Episodic Reward    1573.81
24-12-17.15:16|[walker2d-medium-v2|exp_1|diffusion-ql|T-5|lr_decay|ms-offline|k-1|0] Average Episodic N-Reward     0.342473
24-12-17.15:16|[walker2d-medium-v2|exp_1|diffusion-ql|T-5|lr_decay|ms-offline|k-1|0] -------------------------  -----------
24-12-17.15:22|[walker2d-medium-v2|exp_1|diffusion-ql|T-5|lr_decay|ms-offline|k-1|0] --------------  -----------
24-12-17.15:22|[walker2d-medium-v2|exp_1|diffusion-ql|T-5|lr_decay|ms-offline|k-1|0] Trained Epochs  100
24-12-17.15:22|[walker2d-medium-v2|exp_1|diffusion-ql|T-5|lr_decay|ms-offline|k-1|0] BC Loss           0.0337202
24-12-17.15:22|[walker2d-medium-v2|exp_1|diffusion-ql|T-5|lr_decay|ms-offline|k-1|0] QL Loss          -0.999977
24-12-17.15:22|[walker2d-medium-v2|exp_1|diffusion-ql|T-5|lr_decay|ms-offline|k-1|0] Actor Loss       -0.966257
24-12-17.15:22|[walker2d-medium-v2|exp_1|diffusion-ql|T-5|lr_decay|ms-offline|k-1|0] Critic Loss      29.6713
24-12-17.15:22|[walker2d-medium-v2|exp_1|diffusion-ql|T-5|lr_decay|ms-offline|k-1|0] --------------  -----------
24-12-17.15:22|[walker2d-medium-v2|exp_1|diffusion-ql|T-5|lr_decay|ms-offline|k-1|0] -------------------------  -----------
24-12-17.15:22|[walker2d-medium-v2|exp_1|diffusion-ql|T-5|lr_decay|ms-offline|k-1|0] Average Episodic Reward    2216.69
24-12-17.15:22|[walker2d-medium-v2|exp_1|diffusion-ql|T-5|lr_decay|ms-offline|k-1|0] Average Episodic N-Reward     0.482512
24-12-17.15:22|[walker2d-medium-v2|exp_1|diffusion-ql|T-5|lr_decay|ms-offline|k-1|0] -------------------------  -----------
